2021-12-14 14:53:01 下午 [Thread: main][ Class:org.apache.ibatis.logging.LogFactory >> Method: org.apache.ibatis.logging.LogFactory.setImplementation(LogFactory.java:135) ]
DEBUG:Logging initialized using 'class org.apache.ibatis.logging.log4j.Log4jImpl' adapter.
2021-12-14 14:53:02 下午 [Thread: main][ Class:org.apache.ibatis.datasource.pooled.PooledDataSource >> Method: org.apache.ibatis.datasource.pooled.PooledDataSource.forceCloseAll(PooledDataSource.java:316) ]
DEBUG:PooledDataSource forcefully closed/removed all connections.
2021-12-14 14:53:02 下午 [Thread: main][ Class:org.apache.ibatis.datasource.pooled.PooledDataSource >> Method: org.apache.ibatis.datasource.pooled.PooledDataSource.forceCloseAll(PooledDataSource.java:316) ]
DEBUG:PooledDataSource forcefully closed/removed all connections.
2021-12-14 14:53:02 下午 [Thread: main][ Class:org.apache.ibatis.datasource.pooled.PooledDataSource >> Method: org.apache.ibatis.datasource.pooled.PooledDataSource.forceCloseAll(PooledDataSource.java:316) ]
DEBUG:PooledDataSource forcefully closed/removed all connections.
2021-12-14 14:53:02 下午 [Thread: main][ Class:org.apache.ibatis.datasource.pooled.PooledDataSource >> Method: org.apache.ibatis.datasource.pooled.PooledDataSource.forceCloseAll(PooledDataSource.java:316) ]
DEBUG:PooledDataSource forcefully closed/removed all connections.
2021-12-14 14:53:02 下午 [Thread: main][ Class:org.apache.ibatis.transaction.jdbc.JdbcTransaction >> Method: org.apache.ibatis.transaction.jdbc.JdbcTransaction.openConnection(JdbcTransaction.java:138) ]
DEBUG:Opening JDBC Connection
2021-12-14 14:53:03 下午 [Thread: main][ Class:org.apache.ibatis.datasource.pooled.PooledDataSource >> Method: org.apache.ibatis.datasource.pooled.PooledDataSource.popConnection(PooledDataSource.java:387) ]
DEBUG:Created connection 109228794.
2021-12-14 14:53:03 下午 [Thread: main][ Class:org.apache.ibatis.transaction.jdbc.JdbcTransaction >> Method: org.apache.ibatis.transaction.jdbc.JdbcTransaction.setDesiredAutoCommit(JdbcTransaction.java:102) ]
DEBUG:Setting autocommit to false on JDBC Connection [com.mysql.cj.jdbc.ConnectionImpl@682b2fa]
2021-12-14 14:53:03 下午 [Thread: main][ Class:dao.UserMapper.findAll >> Method: org.apache.ibatis.logging.jdbc.BaseJdbcLogger.debug(BaseJdbcLogger.java:142) ]
DEBUG:==>  Preparing: select * from users 
2021-12-14 14:53:03 下午 [Thread: main][ Class:dao.UserMapper.findAll >> Method: org.apache.ibatis.logging.jdbc.BaseJdbcLogger.debug(BaseJdbcLogger.java:142) ]
DEBUG:==> Parameters: 
2021-12-14 14:53:03 下午 [Thread: main][ Class:dao.UserMapper.findAll >> Method: org.apache.ibatis.logging.jdbc.BaseJdbcLogger.debug(BaseJdbcLogger.java:142) ]
DEBUG:<==      Total: 1
2021-12-14 14:53:03 下午 [Thread: main][ Class:org.apache.ibatis.transaction.jdbc.JdbcTransaction >> Method: org.apache.ibatis.transaction.jdbc.JdbcTransaction.resetAutoCommit(JdbcTransaction.java:124) ]
DEBUG:Resetting autocommit to true on JDBC Connection [com.mysql.cj.jdbc.ConnectionImpl@682b2fa]
2021-12-14 14:53:03 下午 [Thread: main][ Class:org.apache.ibatis.transaction.jdbc.JdbcTransaction >> Method: org.apache.ibatis.transaction.jdbc.JdbcTransaction.close(JdbcTransaction.java:92) ]
DEBUG:Closing JDBC Connection [com.mysql.cj.jdbc.ConnectionImpl@682b2fa]
2021-12-14 14:53:03 下午 [Thread: main][ Class:org.apache.ibatis.datasource.pooled.PooledDataSource >> Method: org.apache.ibatis.datasource.pooled.PooledDataSource.pushConnection(PooledDataSource.java:344) ]
DEBUG:Returned connection 109228794 to pool.
2021-12-14 14:56:21 下午 [Thread: main][ Class:org.apache.ibatis.logging.LogFactory >> Method: org.apache.ibatis.logging.LogFactory.setImplementation(LogFactory.java:135) ]
DEBUG:Logging initialized using 'class org.apache.ibatis.logging.log4j.Log4jImpl' adapter.
2021-12-14 14:56:21 下午 [Thread: main][ Class:org.apache.ibatis.datasource.pooled.PooledDataSource >> Method: org.apache.ibatis.datasource.pooled.PooledDataSource.forceCloseAll(PooledDataSource.java:316) ]
DEBUG:PooledDataSource forcefully closed/removed all connections.
2021-12-14 14:56:21 下午 [Thread: main][ Class:org.apache.ibatis.datasource.pooled.PooledDataSource >> Method: org.apache.ibatis.datasource.pooled.PooledDataSource.forceCloseAll(PooledDataSource.java:316) ]
DEBUG:PooledDataSource forcefully closed/removed all connections.
2021-12-14 14:56:21 下午 [Thread: main][ Class:org.apache.ibatis.datasource.pooled.PooledDataSource >> Method: org.apache.ibatis.datasource.pooled.PooledDataSource.forceCloseAll(PooledDataSource.java:316) ]
DEBUG:PooledDataSource forcefully closed/removed all connections.
2021-12-14 14:56:21 下午 [Thread: main][ Class:org.apache.ibatis.datasource.pooled.PooledDataSource >> Method: org.apache.ibatis.datasource.pooled.PooledDataSource.forceCloseAll(PooledDataSource.java:316) ]
DEBUG:PooledDataSource forcefully closed/removed all connections.
2021-12-14 14:56:21 下午 [Thread: main][ Class:org.apache.ibatis.transaction.jdbc.JdbcTransaction >> Method: org.apache.ibatis.transaction.jdbc.JdbcTransaction.openConnection(JdbcTransaction.java:138) ]
DEBUG:Opening JDBC Connection
2021-12-14 14:56:22 下午 [Thread: main][ Class:org.apache.ibatis.datasource.pooled.PooledDataSource >> Method: org.apache.ibatis.datasource.pooled.PooledDataSource.popConnection(PooledDataSource.java:387) ]
DEBUG:Created connection 109228794.
2021-12-14 14:56:22 下午 [Thread: main][ Class:org.apache.ibatis.transaction.jdbc.JdbcTransaction >> Method: org.apache.ibatis.transaction.jdbc.JdbcTransaction.setDesiredAutoCommit(JdbcTransaction.java:102) ]
DEBUG:Setting autocommit to false on JDBC Connection [com.mysql.cj.jdbc.ConnectionImpl@682b2fa]
2021-12-14 14:56:22 下午 [Thread: main][ Class:dao.UserMapper.findAll >> Method: org.apache.ibatis.logging.jdbc.BaseJdbcLogger.debug(BaseJdbcLogger.java:142) ]
DEBUG:==>  Preparing: select * from users 
2021-12-14 14:56:22 下午 [Thread: main][ Class:dao.UserMapper.findAll >> Method: org.apache.ibatis.logging.jdbc.BaseJdbcLogger.debug(BaseJdbcLogger.java:142) ]
DEBUG:==> Parameters: 
2021-12-14 14:56:22 下午 [Thread: main][ Class:dao.UserMapper.findAll >> Method: org.apache.ibatis.logging.jdbc.BaseJdbcLogger.debug(BaseJdbcLogger.java:142) ]
DEBUG:<==      Total: 1
